<?xml version="1.0" encoding="UTF-8"?>
<testsuite xmlns:xsi="http://www.w3.org/2001/XMLSchema-instance" xsi:noNamespaceSchemaLocation="https://maven.apache.org/surefire/maven-surefire-plugin/xsd/surefire-test-report.xsd" name="belajar.maven.magang.AppTest" time="0.057" tests="1" errors="0" skipped="0" failures="0">
  <properties>
    <property name="java.specification.version" value="17"/>
    <property name="sun.cpu.isalist" value="amd64"/>
    <property name="sun.jnu.encoding" value="Cp1252"/>
    <property name="java.class.path" value="D:\03_Resource\5 Magang\5 eksplore ulang java dasar\_6maven\target\test-classes;D:\03_Resource\5 Magang\5 eksplore ulang java dasar\_6maven\target\classes;C:\Users\A412DA\.m2\repository\junit\junit\4.11\junit-4.11.jar;C:\Users\A412DA\.m2\repository\org\hamcrest\hamcrest-core\1.3\hamcrest-core-1.3.jar;"/>
    <property name="java.vm.vendor" value="Oracle Corporation"/>
    <property name="sun.arch.data.model" value="64"/>
    <property name="user.variant" value=""/>
    <property name="java.vendor.url" value="https://java.oracle.com/"/>
    <property name="user.timezone" value="Asia/Bangkok"/>
    <property name="os.name" value="Windows 11"/>
    <property name="java.vm.specification.version" value="17"/>
    <property name="sun.java.launcher" value="SUN_STANDARD"/>
    <property name="user.country" value="US"/>
    <property name="sun.boot.library.path" value="C:\Program Files\Java\jdk-17\bin"/>
    <property name="sun.java.command" value="C:\Users\A412DA\AppData\Local\Temp\surefire2288296651410150396\surefirebooter13458758339136919348.jar C:\Users\A412DA\AppData\Local\Temp\surefire2288296651410150396 2023-08-16T09-42-01_980-jvmRun1 surefire6327882684608116471tmp surefire_014777220250279980362tmp"/>
    <property name="jdk.debug" value="release"/>
    <property name="surefire.test.class.path" value="D:\03_Resource\5 Magang\5 eksplore ulang java dasar\_6maven\target\test-classes;D:\03_Resource\5 Magang\5 eksplore ulang java dasar\_6maven\target\classes;C:\Users\A412DA\.m2\repository\junit\junit\4.11\junit-4.11.jar;C:\Users\A412DA\.m2\repository\org\hamcrest\hamcrest-core\1.3\hamcrest-core-1.3.jar;"/>
    <property name="sun.cpu.endian" value="little"/>
    <property name="user.home" value="C:\Users\A412DA"/>
    <property name="user.language" value="en"/>
    <property name="java.specification.vendor" value="Oracle Corporation"/>
    <property name="java.version.date" value="2023-01-17"/>
    <property name="java.home" value="C:\Program Files\Java\jdk-17"/>
    <property name="file.separator" value="\"/>
    <property name="basedir" value="D:\03_Resource\5 Magang\5 eksplore ulang java dasar\_6maven"/>
    <property name="java.vm.compressedOopsMode" value="32-bit"/>
    <property name="line.separator" value="&#10;"/>
    <property name="java.vm.specification.vendor" value="Oracle Corporation"/>
    <property name="java.specification.name" value="Java Platform API Specification"/>
    <property name="surefire.real.class.path" value="C:\Users\A412DA\AppData\Local\Temp\surefire2288296651410150396\surefirebooter13458758339136919348.jar"/>
    <property name="user.script" value=""/>
    <property name="sun.management.compiler" value="HotSpot 64-Bit Tiered Compilers"/>
    <property name="java.runtime.version" value="17.0.6+9-LTS-190"/>
    <property name="user.name" value="A412DA"/>
    <property name="path.separator" value=";"/>
    <property name="os.version" value="10.0"/>
    <property name="java.runtime.name" value="Java(TM) SE Runtime Environment"/>
    <property name="file.encoding" value="Cp1252"/>
    <property name="java.vm.name" value="Java HotSpot(TM) 64-Bit Server VM"/>
    <property name="localRepository" value="C:\Users\A412DA\.m2\repository"/>
    <property name="java.vendor.url.bug" value="https://bugreport.java.com/bugreport/"/>
    <property name="java.io.tmpdir" value="C:\Users\A412DA\AppData\Local\Temp\"/>
    <property name="java.version" value="17.0.6"/>
    <property name="user.dir" value="D:\03_Resource\5 Magang\5 eksplore ulang java dasar\_6maven"/>
    <property name="os.arch" value="amd64"/>
    <property name="java.vm.specification.name" value="Java Virtual Machine Specification"/>
    <property name="sun.os.patch.level" value=""/>
    <property name="native.encoding" value="Cp1252"/>
    <property name="java.library.path" value="C:\Program Files\Java\jdk-17\bin;C:\WINDOWS\Sun\Java\bin;C:\WINDOWS\system32;C:\WINDOWS;C:\Program Files\Common Files\Oracle\Java\javapath;C:\Program Files (x86)\Common Files\Oracle\Java\javapath;C:\WINDOWS\system32;C:\WINDOWS;C:\WINDOWS\System32\Wbem;C:\WINDOWS\System32\WindowsPowerShell\v1.0\;C:\WINDOWS\System32\OpenSSH\;C:\Program Files\Intel\WiFi\bin\;C:\Program Files\Common Files\Intel\WirelessCommon\;C:\Program Files\Git\cmd;C:\xampp\php;C:\ProgramData\ComposerSetup\bin;C:\Program Files\nodejs\;C:\src\flutter\bin;C:\src\apache-maven-3.9.4-bin\apache-maven-3.9.4\bin;C:\Program Files\PostgreSQL\15\bin;C:\Users\A412DA\AppData\Local\Programs\Python\Python311\Scripts\;C:\Users\A412DA\AppData\Local\Programs\Python\Python311\;C:\Users\A412DA\AppData\Local\Microsoft\WindowsApps;C:\Users\A412DA\AppData\Local\Programs\Microsoft VS Code\bin;C:\Users\A412DA\AppData\Local\GitHubDesktop\bin;C:\Users\A412DA\AppData\Roaming\Composer\vendor\bin;C:\Users\A412DA\AppData\Roaming\npm;C:\src\flutter\bin;D:\JetBrains\IntelliJ idea\IntelliJ IDEA Community Edition 2022.3.2\bin;;C:\xampp\mysql\bin;D:\postgre\bin;;."/>
    <property name="java.vm.info" value="mixed mode, sharing"/>
    <property name="java.vendor" value="Oracle Corporation"/>
    <property name="java.vm.version" value="17.0.6+9-LTS-190"/>
    <property name="sun.io.unicode.encoding" value="UnicodeLittle"/>
    <property name="java.class.version" value="61.0"/>
  </properties>
  <testcase name="shouldAnswerWithTrue" classname="belajar.maven.magang.AppTest" time="0.002"/>
</testsuite>